3 ????????
5 ???????
8 ???????[??]
9 ?????????? (Recommended)
10 ???????4????
11 ??????4????
12 ??????4????
13 ????????? (Recommended)
14 ????????? (Recommended)
19 Legacy: Enable Title Bar Menu
23 ?? /who ?? (Recommended)
24 ??????(??) (Recommended)
31 ???????? 75%
34 ????/showname?? (Recommended)
35 ????data???
36 Always read msgstringtable.txt (Recommended)
38 ??Gravity??? (Recommended)
39 ??Gravity?Logo (Recommended)
41 ??Nagle???? (Recommended)
44 ?????????? (Recommended)
46 ???????? (Recommended)
47 ??RO??Icon??
48 ?????????? (Recommended)
49 ???? GRF [INI] (Recommended)
50 ????????
53 ?? Ascii ?????? (Recommended)
64 ?? @ ?? Bug (Recommended)
65 ??iteminfo*.lub?? (Recommended)
69 ??input?????
71 ???????????
72 ???????????
73 ?????? (Recommended)
84 ????????? (Recommended)
88 ??????????
90 IP????(DNS)?? (Recommended)
95 ??SSO????
96 ??GM??
208 ?????[??]??
213 ??????????? (Recommended)
219 ????????
222 ????????????
229 ???????????
230 ??????????(ExternalSettings_kr.lub) (Recommended)
231 ?????????IP?Port (Recommended)
232 ????????? (Recommended)
234 ???? Lua ??
253 ??????????
258 ??????????
268 ??????????????
270 ??AchievementList*.lub??
271 ??MonsterSizeEffect*.lub??
272 ??Towninfo*.lub??
273 ??PetEvolutionCln*.lub??
274 ??Tipbox*.lub??
275 ??CheckAttendance*.lub??
276 ??OngoingQuestInfoList*??
277 ??RecommendedQuestInfoList*??
278 ??PrivateAirplane*.lub??
279 ???????? Bug
290 ?????? (Recommended)
291 ?????? (Recommended)
313 ??MapInfo*.lub??
317 ????????
318 ??????????
319 ??Opening???????????
322 ?????????
326 ??OTP???? (Recommended)
330 ??SignBoardList.lub????
338 ????????? (Recommended)
339 ?? Entry Queue ??
342 ???????????????
348 ????????????? (Recommended)
349 ??GvG???????
396 Change all load fonts charset
403 ??????
404 ????????????? (Recommended)
417 ???????LangType??4?7
419 ???????eot??
427 Check is servertype in xml file was set to correct value (Recommended)
429 Protect shorten and bold name flags
430 Draw names with bold or normal font
439 Set fixed charset on drawing text messages
